Arguments: 
  C:\Program Files\nodejs\node.exe C:\Users\s1801502\AppData\Roaming\npm\node_modules\yarn\bin\yarn.js init

PATH: 
  C:\Users\s1801502\bin;C:\Users\s1801502\AppData\Local\Programs\Git\mingw64\bin;C:\Users\s1801502\AppData\Local\Programs\Git\usr\local\bin;C:\Users\s1801502\AppData\Local\Programs\Git\usr\bin;C:\Users\s1801502\AppData\Local\Programs\Git\usr\bin;C:\Users\s1801502\AppData\Local\Programs\Git\mingw64\bin;C:\Users\s1801502\AppData\Local\Programs\Git\usr\bin;C:\Users\s1801502\bin;C:\Python27;C:\Python27\Scripts;C:\ProgramData\Oracle\Java\javapath;C:\Program Files (x86)\Common Files\Oracle\Java\javapath;C:\windows\system32;C:\windows;C:\windows\System32\Wbem;C:\windows\System32\WindowsPowerShell\v1.0;C:\Program Files\Perforce;C:\ProgramData\chocolatey\bin;C:\Program Files\Java\jdk1.8.0_191\bin;C:\Program Files\heroku\bin;C:\php;C:\Users\s1801502\AppData\Local\Android\sdk\platform-tools;C:\Program Files\MongoDB\Server\4.0\bin;C:\Program Files\Git\cmd;C:\Program Files\nodejs;C:\Program Files\PuTTY;C:\Users\s1801502\AppData\Local\Programs\Python\Python37-32\Scripts;C:\Users\s1801502\AppData\Local\Programs\Python\Python37-32;C:\Users\s1801502\AppData\Local\Microsoft\WindowsApps;C:\Users\s1801502\AppData\Local\Programs\Git\cmd;C:\Users\s1801502\AppData\Local\Programs\Git\mingw64\bin;C:\Users\s1801502\AppData\Local\Programs\Git\usr\bin;C:\Users\s1801502\AppData\Local\Programs\Microsoft VS Code\bin;C:\Users\s1801502\AppData\Roaming\npm;C:\Users\s1801502\AppData\Local\Programs\Git\usr\bin\vendor_perl;C:\Users\s1801502\AppData\Local\Programs\Git\usr\bin\core_perl

Yarn version: 
  1.13.0

Node version: 
  12.10.0

Platform: 
  win32 x64

Trace: 
  Error: Can't answer a question unless a user TTY
      at ConsoleReporter.question (C:\Users\s1801502\AppData\Roaming\npm\node_modules\yarn\lib\cli.js:96071:59)
      at Object.<anonymous> (C:\Users\s1801502\AppData\Roaming\npm\node_modules\yarn\lib\cli.js:88459:38)
      at Generator.next (<anonymous>)
      at step (C:\Users\s1801502\AppData\Roaming\npm\node_modules\yarn\lib\cli.js:304:30)
      at C:\Users\s1801502\AppData\Roaming\npm\node_modules\yarn\lib\cli.js:315:13

npm manifest: 
  No manifest

yarn manifest: 
  No manifest

Lockfile: 
  No lockfile
